* using log directory 'C:/Users/Lenovo/Desktop/TruncatedPCQM/check/TruncatedPCQM.Rcheck'
* using R version 4.5.1 (2025-06-13 ucrt)
* using platform: x86_64-w64-mingw32
* R was compiled by
    gcc.exe (GCC) 14.2.0
    GNU Fortran (GCC) 14.2.0
* running under: Windows 11 x64 (build 26200)
* using session charset: UTF-8
* using option '--as-cran'
* checking for file 'TruncatedPCQM/DESCRIPTION' ... OK
* this is package 'TruncatedPCQM' version '0.1.0'
* package encoding: UTF-8
* checking CRAN incoming feasibility ... [166s] NOTE
Maintainer: 'Wenzhe Huang <10211510437@stu.ecnu.edu.cn>'

New submission

Found the following (possibly) invalid URLs:
  URL: https://github.com/rcjhrpyt-droid/TruncatedPCQM
    From: DESCRIPTION
          README.md
    Status: Error
    Message: libcurl error code 28:
      	Failed to connect to github.com port 443 after 21053 ms: Could not connect to server
  URL: https://github.com/rcjhrpyt-droid/TruncatedPCQM/issues
    From: DESCRIPTION
          README.md
    Status: Error
    Message: libcurl error code 28:
      	Failed to connect to github.com port 443 after 21048 ms: Could not connect to server
* checking package namespace information ... OK
* checking package dependencies ... OK
* checking if this is a source package ... OK
* checking if there is a namespace ... OK
* checking for executable files ... OK
* checking for hidden files and directories ... OK
* checking for portable file names ... OK
* checking whether package 'TruncatedPCQM' can be installed ... OK
* checking installed package size ... OK
* checking package directory ... OK
* checking for future file timestamps ... OK
* checking DESCRIPTION meta-information ... OK
* checking top-level files ... NOTE
Non-standard files/directories found at top level:
  'README.html' 'should_be_ignored.rda' 'test_upload.RData'
* checking for left-over files ... OK
* checking index information ... OK
* checking package subdirectories ... OK
* checking code files for non-ASCII characters ... OK
* checking R files for syntax errors ... OK
* checking whether the package can be loaded ... OK
* checking whether the package can be loaded with stated dependencies ... OK
* checking whether the package can be unloaded cleanly ... OK
* checking whether the namespace can be loaded with stated dependencies ... OK
* checking whether the namespace can be unloaded cleanly ... OK
* checking use of S3 registration ... OK
* checking dependencies in R code ... OK
* checking S3 generic/method consistency ... OK
* checking replacement functions ... OK
* checking foreign function calls ... OK
* checking R code for possible problems ... OK
* checking Rd files ... OK
* checking Rd metadata ... OK
* checking Rd line widths ... OK
* checking Rd cross-references ... OK
* checking for missing documentation entries ... OK
* checking for code/documentation mismatches ... OK
* checking Rd \usage sections ... OK
* checking Rd contents ... OK
* checking for unstated dependencies in examples ... OK
* checking examples ... OK
* checking for unstated dependencies in 'tests' ... OK
* checking tests ... OK
  Running 'testthat.R'
* checking PDF version of manual ... OK
* checking HTML version of manual ... NOTE
Skipping checking math rendering: package 'V8' unavailable
* checking for non-standard things in the check directory ... OK
* checking for detritus in the temp directory ... OK
* DONE
Status: 3 NOTEs
